[debug] [2021-07-27T16:04:49.169Z] ----------------------------------------------------------------------
[debug] [2021-07-27T16:04:49.172Z] Command:       C:\Program Files\nodejs\node.exe C:\Program Files\nodejs\node_modules\firebase-tools\lib\bin\firebase.js init
[debug] [2021-07-27T16:04:49.173Z] CLI Version:   9.6.1
[debug] [2021-07-27T16:04:49.173Z] Platform:      win32
[debug] [2021-07-27T16:04:49.173Z] Node Version:  v16.0.0
[debug] [2021-07-27T16:04:49.175Z] Time:          Tue Jul 27 2021 22:04:49 GMT+0600 (Bangladesh Standard Time)
[debug] [2021-07-27T16:04:49.175Z] ----------------------------------------------------------------------
[debug] [2021-07-27T16:04:49.175Z] 
[debug] [2021-07-27T16:04:49.290Z] > command requires scopes: ["email","openid","https://www.googleapis.com/auth/cloudplatformprojects.readonly","https://www.googleapis.com/auth/firebase","https://www.googleapis.com/auth/cloud-platform"]
[debug] [2021-07-27T16:04:49.290Z] > authorizing via signed-in user
[info] 
     ######## #### ########  ######## ########     ###     ######  ########
     ##        ##  ##     ## ##       ##     ##  ##   ##  ##       ##
     ######    ##  ########  ######   ########  #########  ######  ######
     ##        ##  ##    ##  ##       ##     ## ##     ##       ## ##
     ##       #### ##     ## ######## ########  ##     ##  ######  ########

You're about to initialize a Firebase project in this directory:

  C:\Users\cw\B\D\CodersInquiry\codersinquiry-client

Before we get started, keep in mind:

  * You are initializing in an existing Firebase project directory

[info] 
=== Project Setup
[info] 
[info] First, let's associate this project directory with a Firebase project.
[info] You can create multiple project aliases by running firebase use --add, 
[info] but for now we'll just set up a default project.
[info] 
[info] i  .firebaserc already has a default project, using reducefluffy. 
[debug] [2021-07-27T16:04:59.897Z] > refreshing access token with scopes: []
[debug] [2021-07-27T16:04:59.898Z] >>> HTTP REQUEST POST https://www.googleapis.com/oauth2/v3/token  
 <request body omitted>
[debug] [2021-07-27T16:05:00.535Z] <<< HTTP RESPONSE 200 {"expires":"Mon, 01 Jan 1990 00:00:00 GMT","pragma":"no-cache","cache-control":"no-cache, no-store, max-age=0, must-revalidate","date":"Tue, 27 Jul 2021 16:04:59 GMT","content-type":"application/json; charset=utf-8","vary":"X-Origin, Referer, Origin,Accept-Encoding","server":"scaffolding on HTTPServer2","x-xss-protection":"0","x-frame-options":"SAMEORIGIN","x-content-type-options":"nosniff","alt-svc":"h3=\":443\"; ma=2592000,h3-29=\":443\"; ma=2592000,h3-T051=\":443\"; ma=2592000,h3-Q050=\":443\"; ma=2592000,h3-Q046=\":443\"; ma=2592000,h3-Q043=\":443\"; ma=2592000,quic=\":443\"; ma=2592000; v=\"46,43\"","accept-ranges":"none","transfer-encoding":"chunked"}
[debug] [2021-07-27T16:05:00.553Z] >>> [apiv2][query] GET https://firebase.googleapis.com/v1beta1/projects/reducefluffy [none]
[debug] [2021-07-27T16:05:01.335Z] <<< [apiv2][status] GET https://firebase.googleapis.com/v1beta1/projects/reducefluffy 200
[debug] [2021-07-27T16:05:01.336Z] <<< [apiv2][body] GET https://firebase.googleapis.com/v1beta1/projects/reducefluffy {"projectId":"reducefluffy","projectNumber":"393696518264","displayName":"reducefluffy","name":"projects/reducefluffy","resources":{"hostingSite":"reducefluffy"},"state":"ACTIVE"}
[info] 
=== Hosting Setup
[info] 
[info] Your public directory is the folder (relative to your project directory) that
[info] will contain Hosting assets to be uploaded with firebase deploy. If you
[info] have a build process for your assets, use your build's output directory.
[info] 
[debug] [2021-07-27T16:10:07.161Z] ----------------------------------------------------------------------
[debug] [2021-07-27T16:10:07.165Z] Command:       C:\Program Files\nodejs\node.exe C:\Program Files\nodejs\node_modules\firebase-tools\lib\bin\firebase.js init
[debug] [2021-07-27T16:10:07.165Z] CLI Version:   9.6.1
[debug] [2021-07-27T16:10:07.166Z] Platform:      win32
[debug] [2021-07-27T16:10:07.166Z] Node Version:  v16.0.0
[debug] [2021-07-27T16:10:07.167Z] Time:          Tue Jul 27 2021 22:10:07 GMT+0600 (Bangladesh Standard Time)
[debug] [2021-07-27T16:10:07.168Z] ----------------------------------------------------------------------
[debug] [2021-07-27T16:10:07.168Z] 
[debug] [2021-07-27T16:10:07.176Z] > command requires scopes: ["email","openid","https://www.googleapis.com/auth/cloudplatformprojects.readonly","https://www.googleapis.com/auth/firebase","https://www.googleapis.com/auth/cloud-platform"]
[debug] [2021-07-27T16:10:07.177Z] > authorizing via signed-in user
[info] 
     ######## #### ########  ######## ########     ###     ######  ########
     ##        ##  ##     ## ##       ##     ##  ##   ##  ##       ##
     ######    ##  ########  ######   ########  #########  ######  ######
     ##        ##  ##    ##  ##       ##     ## ##     ##       ## ##
     ##       #### ##     ## ######## ########  ##     ##  ######  ########

You're about to initialize a Firebase project in this directory:

  C:\Users\cw\B\D\CodersInquiry\codersinquiry-client

Before we get started, keep in mind:

  * You are initializing in an existing Firebase project directory

[info] 
=== Project Setup
[info] 
[info] First, let's associate this project directory with a Firebase project.
[info] You can create multiple project aliases by running firebase use --add, 
[info] but for now we'll just set up a default project.
[info] 
[info] i  .firebaserc already has a default project, using reducefluffy. 
[debug] [2021-07-27T16:10:16.968Z] >>> [apiv2][query] GET https://firebase.googleapis.com/v1beta1/projects/reducefluffy [none]
[debug] [2021-07-27T16:10:17.736Z] <<< [apiv2][status] GET https://firebase.googleapis.com/v1beta1/projects/reducefluffy 200
[debug] [2021-07-27T16:10:17.736Z] <<< [apiv2][body] GET https://firebase.googleapis.com/v1beta1/projects/reducefluffy {"projectId":"reducefluffy","projectNumber":"393696518264","displayName":"reducefluffy","name":"projects/reducefluffy","resources":{"hostingSite":"reducefluffy"},"state":"ACTIVE"}
[info] 
=== Hosting Setup
[info] 
[info] Your public directory is the folder (relative to your project directory) that
[info] will contain Hosting assets to be uploaded with firebase deploy. If you
[info] have a build process for your assets, use your build's output directory.
[info] 
